<?xml version="1.0" encoding="UTF-8"?>
<!-- Generated by org.testng.reporters.JUnitReportReporter -->
<testsuite hostname="DESKTOP-VVN86PE" failures="0" tests="6" name="com.prod.testsuite.TenxTNG" time="30.386" errors="0" timestamp="2020-04-20T10:56:03 IST" skipped="5">
  <testcase classname="com.prod.testsuite.TenxTNG" name="efc_pharmacy_prod" time="30.386"/>
  <testcase classname="com.prod.testsuite.TenxTNG" name="hn_pharmacy_prod">
    <skipped/>
  </testcase> <!-- hn_pharmacy_prod -->
  <testcase classname="com.prod.testsuite.TenxTNG" name="hn_admin_prod">
    <skipped/>
  </testcase> <!-- hn_admin_prod -->
  <testcase classname="com.prod.testsuite.TenxTNG" name="gt_pharmacy_prod">
    <skipped/>
  </testcase> <!-- gt_pharmacy_prod -->
  <testcase classname="com.prod.testsuite.TenxTNG" name="gt_admin_prod">
    <skipped/>
  </testcase> <!-- gt_admin_prod -->
  <testcase classname="com.prod.testsuite.TenxTNG" name="efc_admin_prod">
    <skipped/>
  </testcase> <!-- efc_admin_prod -->
</testsuite> <!-- com.prod.testsuite.TenxTNG -->
