<?xml version="1.0" encoding="UTF-8"?>
<!-- Generated by org.testng.reporters.JUnitReportReporter -->
<testsuite hostname="DESKTOP-VVN86PE" failures="0" tests="6" name="com.prod.testsuite.TenxTNG" time="160.707" errors="0" timestamp="2020-04-20T16:24:05 IST" skipped="0">
  <testcase classname="com.prod.testsuite.TenxTNG" name="efc_pharmacy_prod" time="22.150"/>
  <testcase classname="com.prod.testsuite.TenxTNG" name="efc_admin_prod" time="22.494"/>
  <testcase classname="com.prod.testsuite.TenxTNG" name="gt_pharmacy_prod" time="48.500"/>
  <testcase classname="com.prod.testsuite.TenxTNG" name="gt_admin_prod" time="21.499"/>
  <testcase classname="com.prod.testsuite.TenxTNG" name="hn_pharmacy_prod" time="23.463"/>
  <testcase classname="com.prod.testsuite.TenxTNG" name="hn_admin_prod" time="22.601"/>
</testsuite> <!-- com.prod.testsuite.TenxTNG -->
